<?xml version="1.0" encoding="UTF-8"?>
<Site BuildName="(empty)"
	BuildStamp="20230823-0204-Experimental"
	Name="osboxes"
	Generator="ctest-3.10.2"
	CompilerName="/usr/bin/g++"
	CompilerVersion="7.5.0"
	OSName="Linux"
	Hostname="osboxes"
	OSRelease="5.4.0-150-generic"
	OSVersion="#167~18.04.1-Ubuntu SMP Wed May 24 00:51:42 UTC 2023"
	OSPlatform="x86_64"
	Is64Bits="1"
	VendorString="AuthenticAMD"
	VendorID="Advanced Micro Devices"
	FamilyID="23"
	ModelID="24"
	ProcessorCacheSize="512"
	NumberOfLogicalCPU="6"
	NumberOfPhysicalCPU="6"
	TotalVirtualMemory="9536"
	TotalPhysicalMemory="15979"
	LogicalProcessorsPerPhysical="1"
	ProcessorClockFrequency="2295.69"
	>
	<Testing>
		<StartDateTime>Aug 23 03:04 BST</StartDateTime>
		<StartTestTime>1692756243</StartTestTime>
		<TestList/>
		<EndDateTime>Aug 23 03:04 BST</EndDateTime>
		<EndTestTime>1692756243</EndTestTime>
		<ElapsedMinutes>0</ElapsedMinutes>
	</Testing>
</Site>
